2022-10-04 12:16:47[WARN] user: Polar Bear
GET /users/1/posts
USE eager loading detected
  Comment => [:author]
  Add to your query: .includes([:author])
Call stack
  C:/Users/Polar Bear/Documents/microverse/module5/blog2/spec/features/posts_index_spec.rb:74:in `block (3 levels) in <top (required)>'

2022-10-04 12:16:47[WARN] user: Polar Bear
GET /users/5/posts
USE eager loading detected
  Comment => [:author]
  Add to your query: .includes([:author])
Call stack
  C:/Users/Polar Bear/Documents/microverse/module5/blog2/spec/features/posts_index_spec.rb:69:in `block (3 levels) in <top (required)>'

2022-10-04 12:16:48[WARN] user: Polar Bear
GET /users/9/posts
USE eager loading detected
  Comment => [:author]
  Add to your query: .includes([:author])
Call stack
  C:/Users/Polar Bear/Documents/microverse/module5/blog2/spec/features/posts_index_spec.rb:45:in `block (3 levels) in <top (required)>'

2022-10-04 12:16:48[WARN] user: Polar Bear
GET /users/13/posts
USE eager loading detected
  Comment => [:author]
  Add to your query: .includes([:author])
Call stack
  C:/Users/Polar Bear/Documents/microverse/module5/blog2/spec/features/posts_index_spec.rb:39:in `block (3 levels) in <top (required)>'

2022-10-04 12:16:48[WARN] user: Polar Bear
GET /users/17/posts
USE eager loading detected
  Comment => [:author]
  Add to your query: .includes([:author])
Call stack
  C:/Users/Polar Bear/Documents/microverse/module5/blog2/spec/features/posts_index_spec.rb:59:in `block (3 levels) in <top (required)>'

2022-10-04 12:16:49[WARN] user: Polar Bear
GET /users/21/posts
USE eager loading detected
  Comment => [:author]
  Add to your query: .includes([:author])
Call stack
  C:/Users/Polar Bear/Documents/microverse/module5/blog2/spec/features/posts_index_spec.rb:64:in `block (3 levels) in <top (required)>'

2022-10-04 12:16:49[WARN] user: Polar Bear
GET /users/25/posts
USE eager loading detected
  Comment => [:author]
  Add to your query: .includes([:author])
Call stack
  C:/Users/Polar Bear/Documents/microverse/module5/blog2/spec/features/posts_index_spec.rb:52:in `block (3 levels) in <top (required)>'

2022-10-04 12:16:49[WARN] user: Polar Bear
GET /users/29/posts
USE eager loading detected
  Comment => [:author]
  Add to your query: .includes([:author])
Call stack
  C:/Users/Polar Bear/Documents/microverse/module5/blog2/spec/features/posts_index_spec.rb:86:in `block (3 levels) in <top (required)>'

2022-10-04 12:16:50[WARN] user: Polar Bear
GET /users/33/posts
USE eager loading detected
  Comment => [:author]
  Add to your query: .includes([:author])
Call stack
  C:/Users/Polar Bear/Documents/microverse/module5/blog2/spec/features/posts_index_spec.rb:80:in `block (3 levels) in <top (required)>'

2022-10-04 12:16:50[WARN] user: Polar Bear
GET /users/37/posts
USE eager loading detected
  Comment => [:author]
  Add to your query: .includes([:author])
Call stack
  C:/Users/Polar Bear/Documents/microverse/module5/blog2/spec/features/posts_index_spec.rb:33:in `block (3 levels) in <top (required)>'

2022-10-04 12:16:50[WARN] user: Polar Bear
GET /users/41/posts
USE eager loading detected
  Comment => [:author]
  Add to your query: .includes([:author])
Call stack
  C:/Users/Polar Bear/Documents/microverse/module5/blog2/spec/features/posts_index_spec.rb:27:in `block (3 levels) in <top (required)>'

2022-10-04 13:20:19[WARN] user: Polar Bear
GET /users/1/posts/2
USE eager loading detected
  Comment => [:author]
  Add to your query: .includes([:author])
Call stack

2022-10-04 13:20:37[WARN] user: Polar Bear
GET /users/1/posts/2
USE eager loading detected
  Comment => [:author]
  Add to your query: .includes([:author])
Call stack

2022-10-04 13:24:22[WARN] user: Polar Bear
GET /users/1/posts
USE eager loading detected
  Comment => [:author]
  Add to your query: .includes([:author])
Call stack

2022-10-04 13:26:53[WARN] user: Polar Bear
GET /users/1/posts/
USE eager loading detected
  Comment => [:author]
  Add to your query: .includes([:author])
Call stack

2022-10-04 13:29:21[WARN] user: Polar Bear
GET /users/3/posts?page=2
USE eager loading detected
  Comment => [:author]
  Add to your query: .includes([:author])
Call stack
  C:/Users/Polar Bear/Documents/microverse/module5/blog2/spec/features/post_index_spec.rb:55:in `block (2 levels) in <top (required)>'

2022-10-04 13:29:52[WARN] user: Polar Bear
GET /users/1/posts?page=1
USE eager loading detected
  Comment => [:author]
  Add to your query: .includes([:author])
Call stack

2022-10-04 13:50:17[WARN] user: Polar Bear
GET /users/1/posts?page=2
AVOID eager loading detected
  Post => [:comments]
  Remove from your query: .includes([:comments])
Call stack

2022-10-04 13:50:29[WARN] user: Polar Bear
GET /users/1/posts?page=2
AVOID eager loading detected
  Post => [:comments]
  Remove from your query: .includes([:comments])
Call stack

2022-10-04 13:51:17[WARN] user: Polar Bear
GET /users/1/posts?page=1
USE eager loading detected
  Comment => [:author]
  Add to your query: .includes([:author])
Call stack

2022-10-04 13:51:17[WARN] user: Polar Bear
GET /users/1/posts?page=1
AVOID eager loading detected
  Post => [:comments]
  Remove from your query: .includes([:comments])
Call stack

2022-10-04 13:54:17[WARN] user: Polar Bear
GET /users/1/posts?page=1
USE eager loading detected
  Comment => [:author]
  Add to your query: .includes([:author])
Call stack

2022-10-04 13:54:17[WARN] user: Polar Bear
GET /users/1/posts?page=1
AVOID eager loading detected
  Post => [:comments]
  Remove from your query: .includes([:comments])
Call stack

2022-10-04 13:55:14[WARN] user: Polar Bear
GET /users/1/posts
USE eager loading detected
  Comment => [:author]
  Add to your query: .includes([:author])
Call stack

2022-10-04 13:55:14[WARN] user: Polar Bear
GET /users/1/posts
AVOID eager loading detected
  Post => [:comments]
  Remove from your query: .includes([:comments])
Call stack

2022-10-04 14:02:19[WARN] user: Polar Bear
GET /users/1/posts
USE eager loading detected
  Comment => [:author]
  Add to your query: .includes([:author])
Call stack

2022-10-04 14:02:19[WARN] user: Polar Bear
GET /users/1/posts
AVOID eager loading detected
  Post => [:comments]
  Remove from your query: .includes([:comments])
Call stack

2022-10-04 14:04:53[WARN] user: Polar Bear
GET /users/1/posts
USE eager loading detected
  Comment => [:author]
  Add to your query: .includes([:author])
Call stack

2022-10-04 14:04:53[WARN] user: Polar Bear
GET /users/1/posts
AVOID eager loading detected
  Post => [:comments]
  Remove from your query: .includes([:comments])
Call stack

2022-10-04 14:05:23[WARN] user: Polar Bear
GET /users/1/posts
USE eager loading detected
  Comment => [:author]
  Add to your query: .includes([:author])
Call stack

2022-10-04 14:05:23[WARN] user: Polar Bear
GET /users/1/posts
AVOID eager loading detected
  Post => [:comments]
  Remove from your query: .includes([:comments])
Call stack

2022-10-04 14:06:57[WARN] user: Polar Bear
GET /users/1/posts
USE eager loading detected
  Comment => [:author]
  Add to your query: .includes([:author])
Call stack

2022-10-04 14:07:05[WARN] user: Polar Bear
GET /users/1/posts
USE eager loading detected
  Comment => [:author]
  Add to your query: .includes([:author])
Call stack

